[INFO ]2023-03-24 15:08:05.325 [main]LoggerLoad-Loading Config file
[INFO ]2023-03-24 15:08:07.302 [main]LoggerLoad-IntializingChromedriver
[INFO ]2023-03-24 15:08:08.676 [main]LoggerLoad-click on ds
[INFO ]2023-03-24 15:08:08.942 [main]LoggerLoad-checking alert message you are not logged in
[INFO ]2023-03-24 15:08:08.975 [main]LoggerLoad-alert you are not allow to login
[INFO ]2023-03-24 15:08:08.991 [main]LoggerLoad-click LinkedList 
[INFO ]2023-03-24 15:08:09.242 [main]LoggerLoad-checking alert message you are not logged in
[INFO ]2023-03-24 15:08:09.272 [main]LoggerLoad-alert you are not allow to login
[INFO ]2023-03-24 15:08:09.288 [main]LoggerLoad-click stack
[INFO ]2023-03-24 15:08:09.557 [main]LoggerLoad-checking alert message you are not logged in
[INFO ]2023-03-24 15:08:09.581 [main]LoggerLoad-alert you are not allow to login
[INFO ]2023-03-24 15:08:09.596 [main]LoggerLoad-click  queue 
[INFO ]2023-03-24 15:08:09.827 [main]LoggerLoad-checking alert message you are not logged in
[INFO ]2023-03-24 15:08:09.853 [main]LoggerLoad-alert you are not allow to login
[INFO ]2023-03-24 15:08:09.874 [main]LoggerLoad-click  Tree 
[INFO ]2023-03-24 15:08:10.180 [main]LoggerLoad-checking alert message you are not logged in
[INFO ]2023-03-24 15:08:10.213 [main]LoggerLoad-alert you are not allow to login
[INFO ]2023-03-24 15:09:10.403 [main]LoggerLoad-Checking stack logger in pom Stack
[INFO ]2023-03-24 15:12:49.009 [main]LoggerLoad-Loading Config file
[INFO ]2023-03-24 15:12:51.033 [main]LoggerLoad-IntializingChromedriver
[INFO ]2023-03-24 15:12:52.252 [main]LoggerLoad-click on ds
[INFO ]2023-03-24 15:12:52.507 [main]LoggerLoad-checking alert message you are not logged in
[INFO ]2023-03-24 15:12:52.538 [main]LoggerLoad-alert you are not allow to login
[INFO ]2023-03-24 15:12:52.563 [main]LoggerLoad-click LinkedList 
[INFO ]2023-03-24 15:12:52.803 [main]LoggerLoad-checking alert message you are not logged in
[INFO ]2023-03-24 15:12:52.834 [main]LoggerLoad-alert you are not allow to login
[INFO ]2023-03-24 15:12:52.849 [main]LoggerLoad-click stack
[INFO ]2023-03-24 15:12:53.098 [main]LoggerLoad-checking alert message you are not logged in
[INFO ]2023-03-24 15:12:53.122 [main]LoggerLoad-alert you are not allow to login
[INFO ]2023-03-24 15:12:53.136 [main]LoggerLoad-click  queue 
[INFO ]2023-03-24 15:12:53.381 [main]LoggerLoad-checking alert message you are not logged in
[INFO ]2023-03-24 15:12:53.408 [main]LoggerLoad-alert you are not allow to login
[INFO ]2023-03-24 15:12:53.421 [main]LoggerLoad-click  Tree 
[INFO ]2023-03-24 15:12:53.651 [main]LoggerLoad-checking alert message you are not logged in
[INFO ]2023-03-24 15:12:53.679 [main]LoggerLoad-alert you are not allow to login
[INFO ]2023-03-24 15:14:44.606 [main]LoggerLoad-Loading Config file
[INFO ]2023-03-24 15:14:46.576 [main]LoggerLoad-IntializingChromedriver
[INFO ]2023-03-24 15:14:47.350 [main]LoggerLoad-click on ds
[INFO ]2023-03-24 15:14:47.569 [main]LoggerLoad-checking alert message you are not logged in
[INFO ]2023-03-24 15:14:47.604 [main]LoggerLoad-alert you are not allow to login
[INFO ]2023-03-24 15:14:47.610 [main]LoggerLoad-click LinkedList 
[INFO ]2023-03-24 15:14:47.842 [main]LoggerLoad-checking alert message you are not logged in
[INFO ]2023-03-24 15:14:47.867 [main]LoggerLoad-alert you are not allow to login
[INFO ]2023-03-24 15:14:47.871 [main]LoggerLoad-click stack
[INFO ]2023-03-24 15:14:48.075 [main]LoggerLoad-checking alert message you are not logged in
[INFO ]2023-03-24 15:14:48.104 [main]LoggerLoad-alert you are not allow to login
[INFO ]2023-03-24 15:14:48.111 [main]LoggerLoad-click  queue 
[INFO ]2023-03-24 15:14:48.354 [main]LoggerLoad-checking alert message you are not logged in
[INFO ]2023-03-24 15:14:48.382 [main]LoggerLoad-alert you are not allow to login
[INFO ]2023-03-24 15:14:48.387 [main]LoggerLoad-click  Tree 
[INFO ]2023-03-24 15:14:48.618 [main]LoggerLoad-checking alert message you are not logged in
[INFO ]2023-03-24 15:14:48.645 [main]LoggerLoad-alert you are not allow to login
[INFO ]2023-03-24 15:24:42.505 [main]LoggerLoad-Loading Config file
[INFO ]2023-03-24 15:24:44.665 [main]LoggerLoad-IntializingChromedriver
[INFO ]2023-03-24 15:24:45.467 [main]LoggerLoad-click on ds
[INFO ]2023-03-24 15:24:45.705 [main]LoggerLoad-checking alert message you are not logged in
[INFO ]2023-03-24 15:24:45.761 [main]LoggerLoad-alert you are not allow to login
[INFO ]2023-03-24 15:24:45.787 [main]LoggerLoad-click LinkedList 
[INFO ]2023-03-24 15:24:46.139 [main]LoggerLoad-checking alert message you are not logged in
[INFO ]2023-03-24 15:24:46.168 [main]LoggerLoad-alert you are not allow to login
[INFO ]2023-03-24 15:24:46.183 [main]LoggerLoad-click stack
[INFO ]2023-03-24 15:24:46.418 [main]LoggerLoad-checking alert message you are not logged in
[INFO ]2023-03-24 15:24:46.444 [main]LoggerLoad-alert you are not allow to login
[INFO ]2023-03-24 15:24:46.448 [main]LoggerLoad-click  queue 
[INFO ]2023-03-24 15:24:46.691 [main]LoggerLoad-checking alert message you are not logged in
[INFO ]2023-03-24 15:24:46.721 [main]LoggerLoad-alert you are not allow to login
[INFO ]2023-03-24 15:24:46.726 [main]LoggerLoad-click  Tree 
[INFO ]2023-03-24 15:24:46.965 [main]LoggerLoad-checking alert message you are not logged in
[INFO ]2023-03-24 15:24:46.997 [main]LoggerLoad-alert you are not allow to login
[INFO ]2023-03-24 15:26:07.242 [main]LoggerLoad-Loading Config file
[INFO ]2023-03-24 15:26:09.760 [main]LoggerLoad-IntializingChromedriver
[INFO ]2023-03-24 15:26:11.042 [main]LoggerLoad-click on ds
[INFO ]2023-03-24 15:26:11.311 [main]LoggerLoad-checking alert message you are not logged in
[INFO ]2023-03-24 15:26:11.348 [main]LoggerLoad-alert you are not allow to login
[INFO ]2023-03-24 15:26:11.365 [main]LoggerLoad-click LinkedList 
[INFO ]2023-03-24 15:26:11.618 [main]LoggerLoad-checking alert message you are not logged in
[INFO ]2023-03-24 15:26:11.648 [main]LoggerLoad-alert you are not allow to login
[INFO ]2023-03-24 15:26:11.665 [main]LoggerLoad-click stack
[INFO ]2023-03-24 15:26:12.040 [main]LoggerLoad-checking alert message you are not logged in
[INFO ]2023-03-24 15:26:12.116 [main]LoggerLoad-alert you are not allow to login
[INFO ]2023-03-24 15:26:12.152 [main]LoggerLoad-click  queue 
[INFO ]2023-03-24 15:26:12.496 [main]LoggerLoad-checking alert message you are not logged in
[INFO ]2023-03-24 15:26:12.524 [main]LoggerLoad-alert you are not allow to login
[INFO ]2023-03-24 15:26:12.548 [main]LoggerLoad-click  Tree 
[INFO ]2023-03-24 15:26:12.811 [main]LoggerLoad-checking alert message you are not logged in
[INFO ]2023-03-24 15:26:12.837 [main]LoggerLoad-alert you are not allow to login
[INFO ]2023-03-24 15:26:13.239 [main]LoggerLoad-Checking array logger in pom Arrays
[INFO ]2023-03-24 15:26:13.644 [main]LoggerLoad-Checking linkedlist logger in pom Linked list
[INFO ]2023-03-24 15:26:14.110 [main]LoggerLoad-Checking stack logger in pom Stack
[INFO ]2023-03-24 15:26:14.795 [main]LoggerLoad-Checking queuelogger in pom Queue
[INFO ]2023-03-24 15:26:15.205 [main]LoggerLoad-Checking tree logger in pom Tree
[INFO ]2023-03-24 15:26:15.697 [main]LoggerLoad-Checking graph logger in pom Graph
[INFO ]2023-03-24 15:33:32.720 [main]LoggerLoad-Loading Config file
[INFO ]2023-03-24 15:33:34.529 [main]LoggerLoad-IntializingChromedriver
[INFO ]2023-03-24 15:33:35.514 [main]LoggerLoad-click on ds
[INFO ]2023-03-24 15:33:35.710 [main]LoggerLoad-checking alert message you are not logged in
[INFO ]2023-03-24 15:33:35.741 [main]LoggerLoad-alert you are not allow to login
[INFO ]2023-03-24 15:33:35.758 [main]LoggerLoad-click LinkedList 
[INFO ]2023-03-24 15:33:35.927 [main]LoggerLoad-checking alert message you are not logged in
[INFO ]2023-03-24 15:33:35.948 [main]LoggerLoad-alert you are not allow to login
[INFO ]2023-03-24 15:33:35.962 [main]LoggerLoad-click stack
[INFO ]2023-03-24 15:33:36.151 [main]LoggerLoad-checking alert message you are not logged in
[INFO ]2023-03-24 15:33:36.178 [main]LoggerLoad-alert you are not allow to login
[INFO ]2023-03-24 15:33:36.189 [main]LoggerLoad-click  queue 
[INFO ]2023-03-24 15:33:36.395 [main]LoggerLoad-checking alert message you are not logged in
[INFO ]2023-03-24 15:33:36.416 [main]LoggerLoad-alert you are not allow to login
[INFO ]2023-03-24 15:33:36.428 [main]LoggerLoad-click  Tree 
[INFO ]2023-03-24 15:33:36.612 [main]LoggerLoad-checking alert message you are not logged in
[INFO ]2023-03-24 15:33:36.633 [main]LoggerLoad-alert you are not allow to login
[INFO ]2023-03-24 15:33:36.774 [main]LoggerLoad-click on data structure dropdown sd
[INFO ]2023-03-24 15:33:36.946 [main]LoggerLoad-Checking array logger in pom Arrays
[INFO ]2023-03-24 15:33:36.946 [main]LoggerLoad-click on each dropdown sd
[INFO ]2023-03-24 15:33:36.948 [main]LoggerLoad-you are not logged in sd
[INFO ]2023-03-24 15:33:37.106 [main]LoggerLoad-click on data structure dropdown sd
[INFO ]2023-03-24 15:33:37.277 [main]LoggerLoad-Checking linkedlist logger in pom Linked list
[INFO ]2023-03-24 15:33:37.277 [main]LoggerLoad-click on each dropdown sd
[INFO ]2023-03-24 15:33:37.279 [main]LoggerLoad-you are not logged in sd
[INFO ]2023-03-24 15:33:37.406 [main]LoggerLoad-click on data structure dropdown sd
[INFO ]2023-03-24 15:33:37.407 [main]LoggerLoad-Checking stack logger in pom Stack
[INFO ]2023-03-24 15:33:37.591 [main]LoggerLoad-click on each dropdown sd
[INFO ]2023-03-24 15:33:37.592 [main]LoggerLoad-you are not logged in sd
[INFO ]2023-03-24 15:33:37.720 [main]LoggerLoad-click on data structure dropdown sd
[INFO ]2023-03-24 15:33:37.889 [main]LoggerLoad-Checking queuelogger in pom Queue
[INFO ]2023-03-24 15:33:37.889 [main]LoggerLoad-click on each dropdown sd
[INFO ]2023-03-24 15:33:37.896 [main]LoggerLoad-you are not logged in sd
[INFO ]2023-03-24 15:33:38.036 [main]LoggerLoad-click on data structure dropdown sd
[INFO ]2023-03-24 15:33:38.189 [main]LoggerLoad-Checking tree logger in pom Tree
[INFO ]2023-03-24 15:33:38.190 [main]LoggerLoad-click on each dropdown sd
[INFO ]2023-03-24 15:33:38.191 [main]LoggerLoad-you are not logged in sd
[INFO ]2023-03-24 15:33:38.335 [main]LoggerLoad-click on data structure dropdown sd
[INFO ]2023-03-24 15:33:38.529 [main]LoggerLoad-Checking graph logger in pom Graph
[INFO ]2023-03-24 15:33:38.530 [main]LoggerLoad-click on each dropdown sd
[INFO ]2023-03-24 15:33:38.531 [main]LoggerLoad-you are not logged in sd
[INFO ]2023-03-24 15:36:08.928 [main]LoggerLoad-Loading Config file
[INFO ]2023-03-24 15:36:10.731 [main]LoggerLoad-IntializingChromedriver
[INFO ]2023-03-24 15:36:11.369 [main]LoggerLoad-click on ds
[INFO ]2023-03-24 15:36:11.548 [main]LoggerLoad-checking alert message you are not logged in
[INFO ]2023-03-24 15:36:11.574 [main]LoggerLoad-alert you are not allow to login
[INFO ]2023-03-24 15:36:11.579 [main]LoggerLoad-click LinkedList 
[INFO ]2023-03-24 15:36:11.755 [main]LoggerLoad-checking alert message you are not logged in
[INFO ]2023-03-24 15:36:11.777 [main]LoggerLoad-alert you are not allow to login
[INFO ]2023-03-24 15:36:11.781 [main]LoggerLoad-click stack
[INFO ]2023-03-24 15:36:12.016 [main]LoggerLoad-checking alert message you are not logged in
[INFO ]2023-03-24 15:36:12.038 [main]LoggerLoad-alert you are not allow to login
[INFO ]2023-03-24 15:36:12.042 [main]LoggerLoad-click  queue 
[INFO ]2023-03-24 15:36:12.256 [main]LoggerLoad-checking alert message you are not logged in
[INFO ]2023-03-24 15:36:12.279 [main]LoggerLoad-alert you are not allow to login
[INFO ]2023-03-24 15:36:12.282 [main]LoggerLoad-click  Tree 
[INFO ]2023-03-24 15:36:12.458 [main]LoggerLoad-checking alert message you are not logged in
[INFO ]2023-03-24 15:36:12.480 [main]LoggerLoad-alert you are not allow to login
[INFO ]2023-03-24 15:36:12.594 [main]LoggerLoad-click on data structure dropdown sd
[INFO ]2023-03-24 15:36:12.782 [main]LoggerLoad-Checking array logger in pom Arrays
[INFO ]2023-03-24 15:36:12.782 [main]LoggerLoad-click on each dropdown sd
[INFO ]2023-03-24 15:36:12.783 [main]LoggerLoad-you are not logged in sd
[INFO ]2023-03-24 15:36:12.898 [main]LoggerLoad-click on data structure dropdown sd
[INFO ]2023-03-24 15:36:13.047 [main]LoggerLoad-Checking linkedlist logger in pom Linked list
[INFO ]2023-03-24 15:36:13.047 [main]LoggerLoad-click on each dropdown sd
[INFO ]2023-03-24 15:36:13.047 [main]LoggerLoad-you are not logged in sd
[INFO ]2023-03-24 15:36:13.160 [main]LoggerLoad-click on data structure dropdown sd
[INFO ]2023-03-24 15:36:13.160 [main]LoggerLoad-Checking stack logger in pom Stack
[INFO ]2023-03-24 15:36:13.297 [main]LoggerLoad-click on each dropdown sd
[INFO ]2023-03-24 15:36:13.297 [main]LoggerLoad-you are not logged in sd
[INFO ]2023-03-24 15:36:13.412 [main]LoggerLoad-click on data structure dropdown sd
[INFO ]2023-03-24 15:36:13.556 [main]LoggerLoad-Checking queuelogger in pom Queue
[INFO ]2023-03-24 15:36:13.556 [main]LoggerLoad-click on each dropdown sd
[INFO ]2023-03-24 15:36:13.557 [main]LoggerLoad-you are not logged in sd
[INFO ]2023-03-24 15:36:13.668 [main]LoggerLoad-click on data structure dropdown sd
[INFO ]2023-03-24 15:36:13.812 [main]LoggerLoad-Checking tree logger in pom Tree
[INFO ]2023-03-24 15:36:13.812 [main]LoggerLoad-click on each dropdown sd
[INFO ]2023-03-24 15:36:13.812 [main]LoggerLoad-you are not logged in sd
[INFO ]2023-03-24 15:36:13.926 [main]LoggerLoad-click on data structure dropdown sd
[INFO ]2023-03-24 15:36:14.104 [main]LoggerLoad-Checking graph logger in pom Graph
[INFO ]2023-03-24 15:36:14.104 [main]LoggerLoad-click on each dropdown sd
[INFO ]2023-03-24 15:36:14.104 [main]LoggerLoad-you are not logged in sd
[INFO ]2023-03-24 15:43:13.138 [main]LoggerLoad-Loading Config file
[INFO ]2023-03-24 15:43:14.961 [main]LoggerLoad-IntializingChromedriver
[INFO ]2023-03-24 15:43:15.852 [main]LoggerLoad-click on ds
[INFO ]2023-03-24 15:43:16.035 [main]LoggerLoad-checking alert message you are not logged in
[INFO ]2023-03-24 15:43:16.060 [main]LoggerLoad-alert you are not allow to login
[INFO ]2023-03-24 15:43:16.074 [main]LoggerLoad-click LinkedList 
[INFO ]2023-03-24 15:43:16.247 [main]LoggerLoad-checking alert message you are not logged in
[INFO ]2023-03-24 15:43:16.268 [main]LoggerLoad-alert you are not allow to login
[INFO ]2023-03-24 15:43:16.280 [main]LoggerLoad-click stack
[INFO ]2023-03-24 15:43:16.467 [main]LoggerLoad-checking alert message you are not logged in
[INFO ]2023-03-24 15:43:16.489 [main]LoggerLoad-alert you are not allow to login
[INFO ]2023-03-24 15:43:16.501 [main]LoggerLoad-click  queue 
[INFO ]2023-03-24 15:43:16.674 [main]LoggerLoad-checking alert message you are not logged in
[INFO ]2023-03-24 15:43:16.696 [main]LoggerLoad-alert you are not allow to login
[INFO ]2023-03-24 15:43:16.713 [main]LoggerLoad-click  Tree 
[INFO ]2023-03-24 15:43:16.901 [main]LoggerLoad-checking alert message you are not logged in
[INFO ]2023-03-24 15:43:16.926 [main]LoggerLoad-alert you are not allow to login
[INFO ]2023-03-24 15:43:17.054 [main]LoggerLoad-click on data structure dropdown sd
[INFO ]2023-03-24 15:43:17.228 [main]LoggerLoad-Checking array logger in pom Arrays
[INFO ]2023-03-24 15:43:17.228 [main]LoggerLoad-click on each dropdown sd
[INFO ]2023-03-24 15:43:17.230 [main]LoggerLoad-you are not logged in sd
[INFO ]2023-03-24 15:43:17.358 [main]LoggerLoad-click on data structure dropdown sd
[INFO ]2023-03-24 15:43:17.503 [main]LoggerLoad-Checking linkedlist logger in pom Linked list
[INFO ]2023-03-24 15:43:17.504 [main]LoggerLoad-click on each dropdown sd
[INFO ]2023-03-24 15:43:17.506 [main]LoggerLoad-you are not logged in sd
[INFO ]2023-03-24 15:43:17.634 [main]LoggerLoad-click on data structure dropdown sd
[INFO ]2023-03-24 15:43:17.635 [main]LoggerLoad-Checking stack logger in pom Stack
[INFO ]2023-03-24 15:43:17.779 [main]LoggerLoad-click on each dropdown sd
[INFO ]2023-03-24 15:43:17.780 [main]LoggerLoad-you are not logged in sd
[INFO ]2023-03-24 15:43:17.902 [main]LoggerLoad-click on data structure dropdown sd
[INFO ]2023-03-24 15:43:18.044 [main]LoggerLoad-Checking queuelogger in pom Queue
[INFO ]2023-03-24 15:43:18.044 [main]LoggerLoad-click on each dropdown sd
[INFO ]2023-03-24 15:43:18.047 [main]LoggerLoad-you are not logged in sd
[INFO ]2023-03-24 15:43:18.170 [main]LoggerLoad-click on data structure dropdown sd
[INFO ]2023-03-24 15:43:18.311 [main]LoggerLoad-Checking tree logger in pom Tree
[INFO ]2023-03-24 15:43:18.312 [main]LoggerLoad-click on each dropdown sd
[INFO ]2023-03-24 15:43:18.313 [main]LoggerLoad-you are not logged in sd
[INFO ]2023-03-24 15:43:18.439 [main]LoggerLoad-click on data structure dropdown sd
[INFO ]2023-03-24 15:43:18.629 [main]LoggerLoad-Checking graph logger in pom Graph
[INFO ]2023-03-24 15:43:18.629 [main]LoggerLoad-click on each dropdown sd
[INFO ]2023-03-24 15:43:18.631 [main]LoggerLoad-you are not logged in sd
[INFO ]2023-03-24 15:43:18.643 [main]LoggerLoad-user is on homepage sd
[INFO ]2023-03-24 15:45:41.104 [main]LoggerLoad-Loading Config file
[INFO ]2023-03-24 15:45:43.201 [main]LoggerLoad-IntializingChromedriver
[INFO ]2023-03-24 15:45:43.870 [main]LoggerLoad-click on ds
[INFO ]2023-03-24 15:45:44.057 [main]LoggerLoad-checking alert message you are not logged in
[INFO ]2023-03-24 15:45:44.088 [main]LoggerLoad-alert you are not allow to login
[INFO ]2023-03-24 15:45:44.093 [main]LoggerLoad-click LinkedList 
[INFO ]2023-03-24 15:45:44.277 [main]LoggerLoad-checking alert message you are not logged in
[INFO ]2023-03-24 15:45:44.302 [main]LoggerLoad-alert you are not allow to login
[INFO ]2023-03-24 15:45:44.307 [main]LoggerLoad-click stack
[INFO ]2023-03-24 15:45:44.490 [main]LoggerLoad-checking alert message you are not logged in
[INFO ]2023-03-24 15:45:44.516 [main]LoggerLoad-alert you are not allow to login
[INFO ]2023-03-24 15:45:44.521 [main]LoggerLoad-click  queue 
[INFO ]2023-03-24 15:45:44.713 [main]LoggerLoad-checking alert message you are not logged in
[INFO ]2023-03-24 15:45:44.738 [main]LoggerLoad-alert you are not allow to login
[INFO ]2023-03-24 15:45:44.742 [main]LoggerLoad-click  Tree 
[INFO ]2023-03-24 15:45:44.924 [main]LoggerLoad-checking alert message you are not logged in
[INFO ]2023-03-24 15:45:44.947 [main]LoggerLoad-alert you are not allow to login
[INFO ]2023-03-24 15:45:45.074 [main]LoggerLoad-click on data structure dropdown sd
[INFO ]2023-03-24 15:45:45.242 [main]LoggerLoad-Checking array logger in pom Arrays
[INFO ]2023-03-24 15:45:45.243 [main]LoggerLoad-click on each dropdown sd
[INFO ]2023-03-24 15:45:45.243 [main]LoggerLoad-you are not logged in sd
[INFO ]2023-03-24 15:45:45.368 [main]LoggerLoad-click on data structure dropdown sd
[INFO ]2023-03-24 15:45:45.521 [main]LoggerLoad-Checking linkedlist logger in pom Linked list
[INFO ]2023-03-24 15:45:45.521 [main]LoggerLoad-click on each dropdown sd
[INFO ]2023-03-24 15:45:45.522 [main]LoggerLoad-you are not logged in sd
[INFO ]2023-03-24 15:45:45.635 [main]LoggerLoad-click on data structure dropdown sd
[INFO ]2023-03-24 15:45:45.635 [main]LoggerLoad-Checking stack logger in pom Stack
[INFO ]2023-03-24 15:45:45.791 [main]LoggerLoad-click on each dropdown sd
[INFO ]2023-03-24 15:45:45.791 [main]LoggerLoad-you are not logged in sd
[INFO ]2023-03-24 15:45:45.904 [main]LoggerLoad-click on data structure dropdown sd
[INFO ]2023-03-24 15:45:46.055 [main]LoggerLoad-Checking queuelogger in pom Queue
[INFO ]2023-03-24 15:45:46.055 [main]LoggerLoad-click on each dropdown sd
[INFO ]2023-03-24 15:45:46.056 [main]LoggerLoad-you are not logged in sd
[INFO ]2023-03-24 15:45:46.177 [main]LoggerLoad-click on data structure dropdown sd
[INFO ]2023-03-24 15:45:46.340 [main]LoggerLoad-Checking tree logger in pom Tree
[INFO ]2023-03-24 15:45:46.340 [main]LoggerLoad-click on each dropdown sd
[INFO ]2023-03-24 15:45:46.340 [main]LoggerLoad-you are not logged in sd
[INFO ]2023-03-24 15:45:46.460 [main]LoggerLoad-click on data structure dropdown sd
[INFO ]2023-03-24 15:45:46.657 [main]LoggerLoad-Checking graph logger in pom Graph
[INFO ]2023-03-24 15:45:46.657 [main]LoggerLoad-click on each dropdown sd
[INFO ]2023-03-24 15:45:46.658 [main]LoggerLoad-you are not logged in sd
[INFO ]2023-03-24 15:45:46.661 [main]LoggerLoad-user is on homepage sd
[INFO ]2023-03-24 15:45:46.796 [main]LoggerLoad-user is on signinpage sd
[INFO ]2023-03-24 15:45:46.820 [main]LoggerLoad-user is on homepage sd
[INFO ]2023-03-24 15:46:09.296 [main]LoggerLoad-Loading Config file
[INFO ]2023-03-24 15:46:11.195 [main]LoggerLoad-IntializingChromedriver
[INFO ]2023-03-24 15:46:11.884 [main]LoggerLoad-click on ds
[INFO ]2023-03-24 15:46:12.084 [main]LoggerLoad-checking alert message you are not logged in
[INFO ]2023-03-24 15:46:12.110 [main]LoggerLoad-alert you are not allow to login
[INFO ]2023-03-24 15:46:12.115 [main]LoggerLoad-click LinkedList 
[INFO ]2023-03-24 15:46:12.294 [main]LoggerLoad-checking alert message you are not logged in
[INFO ]2023-03-24 15:46:12.316 [main]LoggerLoad-alert you are not allow to login
[INFO ]2023-03-24 15:46:12.321 [main]LoggerLoad-click stack
[INFO ]2023-03-24 15:46:12.503 [main]LoggerLoad-checking alert message you are not logged in
[INFO ]2023-03-24 15:46:12.525 [main]LoggerLoad-alert you are not allow to login
[INFO ]2023-03-24 15:46:12.530 [main]LoggerLoad-click  queue 
[INFO ]2023-03-24 15:46:12.712 [main]LoggerLoad-checking alert message you are not logged in
[INFO ]2023-03-24 15:46:12.736 [main]LoggerLoad-alert you are not allow to login
[INFO ]2023-03-24 15:46:12.740 [main]LoggerLoad-click  Tree 
[INFO ]2023-03-24 15:46:12.931 [main]LoggerLoad-checking alert message you are not logged in
[INFO ]2023-03-24 15:46:12.955 [main]LoggerLoad-alert you are not allow to login
[INFO ]2023-03-24 15:46:13.080 [main]LoggerLoad-click on data structure dropdown sd
[INFO ]2023-03-24 15:46:13.258 [main]LoggerLoad-Checking array logger in pom Arrays
[INFO ]2023-03-24 15:46:13.258 [main]LoggerLoad-click on each dropdown sd
[INFO ]2023-03-24 15:46:13.259 [main]LoggerLoad-you are not logged in sd
[INFO ]2023-03-24 15:46:13.378 [main]LoggerLoad-click on data structure dropdown sd
[INFO ]2023-03-24 15:46:13.525 [main]LoggerLoad-Checking linkedlist logger in pom Linked list
[INFO ]2023-03-24 15:46:13.525 [main]LoggerLoad-click on each dropdown sd
[INFO ]2023-03-24 15:46:13.525 [main]LoggerLoad-you are not logged in sd
[INFO ]2023-03-24 15:46:13.640 [main]LoggerLoad-click on data structure dropdown sd
[INFO ]2023-03-24 15:46:13.640 [main]LoggerLoad-Checking stack logger in pom Stack
[INFO ]2023-03-24 15:46:13.785 [main]LoggerLoad-click on each dropdown sd
[INFO ]2023-03-24 15:46:13.785 [main]LoggerLoad-you are not logged in sd
[INFO ]2023-03-24 15:46:13.904 [main]LoggerLoad-click on data structure dropdown sd
[INFO ]2023-03-24 15:46:14.056 [main]LoggerLoad-Checking queuelogger in pom Queue
[INFO ]2023-03-24 15:46:14.056 [main]LoggerLoad-click on each dropdown sd
[INFO ]2023-03-24 15:46:14.057 [main]LoggerLoad-you are not logged in sd
[INFO ]2023-03-24 15:46:14.172 [main]LoggerLoad-click on data structure dropdown sd
[INFO ]2023-03-24 15:46:14.321 [main]LoggerLoad-Checking tree logger in pom Tree
[INFO ]2023-03-24 15:46:14.322 [main]LoggerLoad-click on each dropdown sd
[INFO ]2023-03-24 15:46:14.322 [main]LoggerLoad-you are not logged in sd
[INFO ]2023-03-24 15:46:14.454 [main]LoggerLoad-click on data structure dropdown sd
[INFO ]2023-03-24 15:46:14.640 [main]LoggerLoad-Checking graph logger in pom Graph
[INFO ]2023-03-24 15:46:14.640 [main]LoggerLoad-click on each dropdown sd
[INFO ]2023-03-24 15:46:14.641 [main]LoggerLoad-you are not logged in sd
[INFO ]2023-03-24 15:46:14.646 [main]LoggerLoad-user is on homepage sd
[INFO ]2023-03-24 15:46:14.771 [main]LoggerLoad-user is on signinpage sd
[INFO ]2023-03-24 15:46:14.802 [main]LoggerLoad-user is on homepage sd
[INFO ]2023-03-24 15:59:59.469 [main]LoggerLoad-Loading Config file
[INFO ]2023-03-24 16:00:01.295 [main]LoggerLoad-IntializingChromedriver
[INFO ]2023-03-24 16:00:01.960 [main]LoggerLoad-click on ds
[INFO ]2023-03-24 16:00:02.149 [main]LoggerLoad-checking alert message you are not logged in
[INFO ]2023-03-24 16:00:02.177 [main]LoggerLoad-alert you are not allow to login
[INFO ]2023-03-24 16:00:02.183 [main]LoggerLoad-click LinkedList 
[INFO ]2023-03-24 16:00:02.357 [main]LoggerLoad-checking alert message you are not logged in
[INFO ]2023-03-24 16:00:02.382 [main]LoggerLoad-alert you are not allow to login
[INFO ]2023-03-24 16:00:02.387 [main]LoggerLoad-click stack
[INFO ]2023-03-24 16:00:02.574 [main]LoggerLoad-checking alert message you are not logged in
[INFO ]2023-03-24 16:00:02.598 [main]LoggerLoad-alert you are not allow to login
[INFO ]2023-03-24 16:00:02.603 [main]LoggerLoad-click  queue 
[INFO ]2023-03-24 16:00:02.791 [main]LoggerLoad-checking alert message you are not logged in
[INFO ]2023-03-24 16:00:02.815 [main]LoggerLoad-alert you are not allow to login
[INFO ]2023-03-24 16:00:02.820 [main]LoggerLoad-click  Tree 
[INFO ]2023-03-24 16:00:03.014 [main]LoggerLoad-checking alert message you are not logged in
[INFO ]2023-03-24 16:00:03.039 [main]LoggerLoad-alert you are not allow to login
[INFO ]2023-03-24 16:00:03.163 [main]LoggerLoad-click on data structure dropdown sd
[INFO ]2023-03-24 16:00:03.345 [main]LoggerLoad-Checking array logger in pom Arrays
[INFO ]2023-03-24 16:00:03.345 [main]LoggerLoad-click on each dropdown sd
[INFO ]2023-03-24 16:00:03.346 [main]LoggerLoad-you are not logged in sd
[INFO ]2023-03-24 16:00:03.479 [main]LoggerLoad-click on data structure dropdown sd
[INFO ]2023-03-24 16:00:03.627 [main]LoggerLoad-Checking linkedlist logger in pom Linked list
[INFO ]2023-03-24 16:00:03.627 [main]LoggerLoad-click on each dropdown sd
[INFO ]2023-03-24 16:00:03.627 [main]LoggerLoad-you are not logged in sd
[INFO ]2023-03-24 16:00:03.739 [main]LoggerLoad-click on data structure dropdown sd
[INFO ]2023-03-24 16:00:03.740 [main]LoggerLoad-Checking stack logger in pom Stack
[INFO ]2023-03-24 16:00:03.894 [main]LoggerLoad-click on each dropdown sd
[INFO ]2023-03-24 16:00:03.895 [main]LoggerLoad-you are not logged in sd
[INFO ]2023-03-24 16:00:04.017 [main]LoggerLoad-click on data structure dropdown sd
[INFO ]2023-03-24 16:00:04.179 [main]LoggerLoad-Checking queuelogger in pom Queue
[INFO ]2023-03-24 16:00:04.179 [main]LoggerLoad-click on each dropdown sd
[INFO ]2023-03-24 16:00:04.179 [main]LoggerLoad-you are not logged in sd
[INFO ]2023-03-24 16:00:04.294 [main]LoggerLoad-click on data structure dropdown sd
[INFO ]2023-03-24 16:00:04.456 [main]LoggerLoad-Checking tree logger in pom Tree
[INFO ]2023-03-24 16:00:04.456 [main]LoggerLoad-click on each dropdown sd
[INFO ]2023-03-24 16:00:04.456 [main]LoggerLoad-you are not logged in sd
[INFO ]2023-03-24 16:00:04.573 [main]LoggerLoad-click on data structure dropdown sd
[INFO ]2023-03-24 16:00:04.754 [main]LoggerLoad-Checking graph logger in pom Graph
[INFO ]2023-03-24 16:00:04.754 [main]LoggerLoad-click on each dropdown sd
[INFO ]2023-03-24 16:00:04.755 [main]LoggerLoad-you are not logged in sd
[INFO ]2023-03-24 16:00:04.780 [main]LoggerLoad-user is on homepage sd
[INFO ]2023-03-24 16:00:04.787 [main]LoggerLoad-user is on homepage sd
[INFO ]2023-03-24 16:02:39.230 [main]LoggerLoad-Loading Config file
[INFO ]2023-03-24 16:02:41.390 [main]LoggerLoad-IntializingChromedriver
[INFO ]2023-03-24 16:02:42.270 [main]LoggerLoad-click on ds
[INFO ]2023-03-24 16:02:42.457 [main]LoggerLoad-checking alert message you are not logged in
[INFO ]2023-03-24 16:02:42.487 [main]LoggerLoad-alert you are not allow to login
[INFO ]2023-03-24 16:02:42.502 [main]LoggerLoad-click LinkedList 
[INFO ]2023-03-24 16:02:42.693 [main]LoggerLoad-checking alert message you are not logged in
[INFO ]2023-03-24 16:02:42.718 [main]LoggerLoad-alert you are not allow to login
[INFO ]2023-03-24 16:02:42.733 [main]LoggerLoad-click stack
[INFO ]2023-03-24 16:02:42.919 [main]LoggerLoad-checking alert message you are not logged in
[INFO ]2023-03-24 16:02:42.944 [main]LoggerLoad-alert you are not allow to login
[INFO ]2023-03-24 16:02:42.955 [main]LoggerLoad-click  queue 
[INFO ]2023-03-24 16:02:43.134 [main]LoggerLoad-checking alert message you are not logged in
[INFO ]2023-03-24 16:02:43.163 [main]LoggerLoad-alert you are not allow to login
[INFO ]2023-03-24 16:02:43.176 [main]LoggerLoad-click  Tree 
[INFO ]2023-03-24 16:02:43.355 [main]LoggerLoad-checking alert message you are not logged in
[INFO ]2023-03-24 16:02:43.382 [main]LoggerLoad-alert you are not allow to login
[INFO ]2023-03-24 16:02:43.513 [main]LoggerLoad-click on data structure dropdown sd
[INFO ]2023-03-24 16:02:43.699 [main]LoggerLoad-Checking array logger in pom Arrays
[INFO ]2023-03-24 16:02:43.699 [main]LoggerLoad-click on each dropdown sd
[INFO ]2023-03-24 16:02:43.701 [main]LoggerLoad-you are not logged in sd
[INFO ]2023-03-24 16:02:43.844 [main]LoggerLoad-click on data structure dropdown sd
[INFO ]2023-03-24 16:02:44.007 [main]LoggerLoad-Checking linkedlist logger in pom Linked list
[INFO ]2023-03-24 16:02:44.007 [main]LoggerLoad-click on each dropdown sd
[INFO ]2023-03-24 16:02:44.008 [main]LoggerLoad-you are not logged in sd
[INFO ]2023-03-24 16:02:44.132 [main]LoggerLoad-click on data structure dropdown sd
[INFO ]2023-03-24 16:02:44.133 [main]LoggerLoad-Checking stack logger in pom Stack
[INFO ]2023-03-24 16:02:44.287 [main]LoggerLoad-click on each dropdown sd
[INFO ]2023-03-24 16:02:44.289 [main]LoggerLoad-you are not logged in sd
[INFO ]2023-03-24 16:02:44.426 [main]LoggerLoad-click on data structure dropdown sd
[INFO ]2023-03-24 16:02:44.583 [main]LoggerLoad-Checking queuelogger in pom Queue
[INFO ]2023-03-24 16:02:44.583 [main]LoggerLoad-click on each dropdown sd
[INFO ]2023-03-24 16:02:44.584 [main]LoggerLoad-you are not logged in sd
[INFO ]2023-03-24 16:02:44.712 [main]LoggerLoad-click on data structure dropdown sd
[INFO ]2023-03-24 16:02:44.867 [main]LoggerLoad-Checking tree logger in pom Tree
[INFO ]2023-03-24 16:02:44.868 [main]LoggerLoad-click on each dropdown sd
[INFO ]2023-03-24 16:02:44.869 [main]LoggerLoad-you are not logged in sd
[INFO ]2023-03-24 16:02:44.997 [main]LoggerLoad-click on data structure dropdown sd
[INFO ]2023-03-24 16:02:45.188 [main]LoggerLoad-Checking graph logger in pom Graph
[INFO ]2023-03-24 16:02:45.189 [main]LoggerLoad-click on each dropdown sd
[INFO ]2023-03-24 16:02:45.190 [main]LoggerLoad-you are not logged in sd
[INFO ]2023-03-24 16:02:45.203 [main]LoggerLoad-user is on homepage sd
[INFO ]2023-03-24 16:02:45.331 [main]LoggerLoad-user is on signinpage sd
[INFO ]2023-03-24 16:02:45.343 [main]LoggerLoad-user is on homepage sd
